Build started 29-Oct-23 8:36:18 PM.
     1>Project "D:\gi_One\1st sem\speech_pro\234101002_Digit\234101002_Digit\234101002_Digit.vcxproj" on node 2 (build target(s)).
     1>InitializeBuildStatus:
         Creating "Debug\234101002_Digit.unsuccessfulbuild" because "AlwaysCreate" was specified.
       ClCompile:
         All outputs are up-to-date.
         E:\vs ins here\VC\bin\CL.exe /c /ZI /nologo /W3 /WX- /Od /Oy- /D WIN32 /D _DEBUG /D _CONSOLE /D _UNICODE /D UNICODE /Gm /EHsc /RTC1 /MDd /GS /fp:precise /Zc:wchar_t /Zc:forScope /Yu"StdAfx.h" /Fp"Debug\234101002_Digit.pch" /Fo"Debug\\" /Fd"Debug\vc100.pdb" /Gd /TP /analyze- /errorReport:prompt 234101002_Digit.cpp
         234101002_Digit.cpp
     1>d:\gi_one\1st sem\speech_pro\234101002_digit\234101002_digit\hmm.h(118): warning C4996: 'fopen': This function or variable may be unsafe. Consider using fopen_s instead. To disable deprecation, use _CRT_SECURE_NO_WARNINGS. See online help for details.
                 e:\vs ins here\vc\include\stdio.h(234) : see declaration of 'fopen'
     1>d:\gi_one\1st sem\speech_pro\234101002_digit\234101002_digit\hmm.h(173): warning C4996: 'fopen': This function or variable may be unsafe. Consider using fopen_s instead. To disable deprecation, use _CRT_SECURE_NO_WARNINGS. See online help for details.
                 e:\vs ins here\vc\include\stdio.h(234) : see declaration of 'fopen'
     1>d:\gi_one\1st sem\speech_pro\234101002_digit\234101002_digit\hmm.h(213): warning C4996: 'fopen': This function or variable may be unsafe. Consider using fopen_s instead. To disable deprecation, use _CRT_SECURE_NO_WARNINGS. See online help for details.
                 e:\vs ins here\vc\include\stdio.h(234) : see declaration of 'fopen'
     1>d:\gi_one\1st sem\speech_pro\234101002_digit\234101002_digit\hmm.h(252): warning C4996: 'fopen': This function or variable may be unsafe. Consider using fopen_s instead. To disable deprecation, use _CRT_SECURE_NO_WARNINGS. See online help for details.
                 e:\vs ins here\vc\include\stdio.h(234) : see declaration of 'fopen'
     1>d:\gi_one\1st sem\speech_pro\234101002_digit\234101002_digit\hmm.h(329): warning C4996: 'fopen': This function or variable may be unsafe. Consider using fopen_s instead. To disable deprecation, use _CRT_SECURE_NO_WARNINGS. See online help for details.
                 e:\vs ins here\vc\include\stdio.h(234) : see declaration of 'fopen'
     1>d:\gi_one\1st sem\speech_pro\234101002_digit\234101002_digit\hmm.h(371): warning C4101: 'k' : unreferenced local variable
     1>d:\gi_one\1st sem\speech_pro\234101002_digit\234101002_digit\preprocess.h(202): warning C4996: 'fopen': This function or variable may be unsafe. Consider using fopen_s instead. To disable deprecation, use _CRT_SECURE_NO_WARNINGS. See online help for details.
                 e:\vs ins here\vc\include\stdio.h(234) : see declaration of 'fopen'
     1>d:\gi_one\1st sem\speech_pro\234101002_digit\234101002_digit\preprocess.h(248): warning C4996: 'fopen': This function or variable may be unsafe. Consider using fopen_s instead. To disable deprecation, use _CRT_SECURE_NO_WARNINGS. See online help for details.
                 e:\vs ins here\vc\include\stdio.h(234) : see declaration of 'fopen'
     1>d:\gi_one\1st sem\speech_pro\234101002_digit\234101002_digit\preprocess.h(260): warning C4996: 'fscanf': This function or variable may be unsafe. Consider using fscanf_s instead. To disable deprecation, use _CRT_SECURE_NO_WARNINGS. See online help for details.
                 e:\vs ins here\vc\include\stdio.h(253) : see declaration of 'fscanf'
     1>d:\gi_one\1st sem\speech_pro\234101002_digit\234101002_digit\preprocess.h(280): warning C4996: 'fscanf': This function or variable may be unsafe. Consider using fscanf_s instead. To disable deprecation, use _CRT_SECURE_NO_WARNINGS. See online help for details.
                 e:\vs ins here\vc\include\stdio.h(253) : see declaration of 'fscanf'
     1>d:\gi_one\1st sem\speech_pro\234101002_digit\234101002_digit\preprocess.h(377): warning C4996: 'fopen': This function or variable may be unsafe. Consider using fopen_s instead. To disable deprecation, use _CRT_SECURE_NO_WARNINGS. See online help for details.
                 e:\vs ins here\vc\include\stdio.h(234) : see declaration of 'fopen'
     1>d:\gi_one\1st sem\speech_pro\234101002_digit\234101002_digit\preprocess.h(386): warning C4996: 'fscanf': This function or variable may be unsafe. Consider using fscanf_s instead. To disable deprecation, use _CRT_SECURE_NO_WARNINGS. See online help for details.
                 e:\vs ins here\vc\include\stdio.h(253) : see declaration of 'fscanf'
     1>d:\gi_one\1st sem\speech_pro\234101002_digit\234101002_digit\preprocess.h(413): warning C4996: 'fopen': This function or variable may be unsafe. Consider using fopen_s instead. To disable deprecation, use _CRT_SECURE_NO_WARNINGS. See online help for details.
                 e:\vs ins here\vc\include\stdio.h(234) : see declaration of 'fopen'
     1>d:\gi_one\1st sem\speech_pro\234101002_digit\234101002_digit\preprocess.h(419): warning C4996: '_snprintf': This function or variable may be unsafe. Consider using _snprintf_s instead. To disable deprecation, use _CRT_SECURE_NO_WARNINGS. See online help for details.
                 e:\vs ins here\vc\include\stdio.h(363) : see declaration of '_snprintf'
     1>d:\gi_one\1st sem\speech_pro\234101002_digit\234101002_digit\preprocess.h(449): warning C4996: 'fopen': This function or variable may be unsafe. Consider using fopen_s instead. To disable deprecation, use _CRT_SECURE_NO_WARNINGS. See online help for details.
                 e:\vs ins here\vc\include\stdio.h(234) : see declaration of 'fopen'
     1>d:\gi_one\1st sem\speech_pro\234101002_digit\234101002_digit\preprocess.h(469): warning C4996: 'fopen': This function or variable may be unsafe. Consider using fopen_s instead. To disable deprecation, use _CRT_SECURE_NO_WARNINGS. See online help for details.
                 e:\vs ins here\vc\include\stdio.h(234) : see declaration of 'fopen'
     1>d:\gi_one\1st sem\speech_pro\234101002_digit\234101002_digit\preprocess.h(477): warning C4996: 'fscanf': This function or variable may be unsafe. Consider using fscanf_s instead. To disable deprecation, use _CRT_SECURE_NO_WARNINGS. See online help for details.
                 e:\vs ins here\vc\include\stdio.h(253) : see declaration of 'fscanf'
     1>d:\gi_one\1st sem\speech_pro\234101002_digit\234101002_digit\preprocess.h(486): warning C4996: 'fopen': This function or variable may be unsafe. Consider using fopen_s instead. To disable deprecation, use _CRT_SECURE_NO_WARNINGS. See online help for details.
                 e:\vs ins here\vc\include\stdio.h(234) : see declaration of 'fopen'
     1>d:\gi_one\1st sem\speech_pro\234101002_digit\234101002_digit\preprocess.h(514): warning C4996: '_snprintf': This function or variable may be unsafe. Consider using _snprintf_s instead. To disable deprecation, use _CRT_SECURE_NO_WARNINGS. See online help for details.
                 e:\vs ins here\vc\include\stdio.h(363) : see declaration of '_snprintf'
     1>d:\gi_one\1st sem\speech_pro\234101002_digit\234101002_digit\preprocess.h(516): warning C4996: '_snprintf': This function or variable may be unsafe. Consider using _snprintf_s instead. To disable deprecation, use _CRT_SECURE_NO_WARNINGS. See online help for details.
                 e:\vs ins here\vc\include\stdio.h(363) : see declaration of '_snprintf'
     1>d:\gi_one\1st sem\speech_pro\234101002_digit\234101002_digit\preprocess.h(518): warning C4996: '_snprintf': This function or variable may be unsafe. Consider using _snprintf_s instead. To disable deprecation, use _CRT_SECURE_NO_WARNINGS. See online help for details.
                 e:\vs ins here\vc\include\stdio.h(363) : see declaration of '_snprintf'
     1>d:\gi_one\1st sem\speech_pro\234101002_digit\234101002_digit\preprocess.h(520): warning C4996: '_snprintf': This function or variable may be unsafe. Consider using _snprintf_s instead. To disable deprecation, use _CRT_SECURE_NO_WARNINGS. See online help for details.
                 e:\vs ins here\vc\include\stdio.h(363) : see declaration of '_snprintf'
     1>d:\gi_one\1st sem\speech_pro\234101002_digit\234101002_digit\preprocess.h(522): warning C4996: '_snprintf': This function or variable may be unsafe. Consider using _snprintf_s instead. To disable deprecation, use _CRT_SECURE_NO_WARNINGS. See online help for details.
                 e:\vs ins here\vc\include\stdio.h(363) : see declaration of '_snprintf'
     1>d:\gi_one\1st sem\speech_pro\234101002_digit\234101002_digit\preprocess.h(524): warning C4996: '_snprintf': This function or variable may be unsafe. Consider using _snprintf_s instead. To disable deprecation, use _CRT_SECURE_NO_WARNINGS. See online help for details.
                 e:\vs ins here\vc\include\stdio.h(363) : see declaration of '_snprintf'
     1>d:\gi_one\1st sem\speech_pro\234101002_digit\234101002_digit\preprocess.h(536): warning C4996: '_snprintf': This function or variable may be unsafe. Consider using _snprintf_s instead. To disable deprecation, use _CRT_SECURE_NO_WARNINGS. See online help for details.
                 e:\vs ins here\vc\include\stdio.h(363) : see declaration of '_snprintf'
     1>d:\gi_one\1st sem\speech_pro\234101002_digit\234101002_digit\preprocess.h(537): warning C4996: 'fopen': This function or variable may be unsafe. Consider using fopen_s instead. To disable deprecation, use _CRT_SECURE_NO_WARNINGS. See online help for details.
                 e:\vs ins here\vc\include\stdio.h(234) : see declaration of 'fopen'
     1>d:\gi_one\1st sem\speech_pro\234101002_digit\234101002_digit\preprocess.h(544): warning C4996: 'fscanf': This function or variable may be unsafe. Consider using fscanf_s instead. To disable deprecation, use _CRT_SECURE_NO_WARNINGS. See online help for details.
                 e:\vs ins here\vc\include\stdio.h(253) : see declaration of 'fscanf'
     1>d:\gi_one\1st sem\speech_pro\234101002_digit\234101002_digit\preprocess.h(551): warning C4996: '_snprintf': This function or variable may be unsafe. Consider using _snprintf_s instead. To disable deprecation, use _CRT_SECURE_NO_WARNINGS. See online help for details.
                 e:\vs ins here\vc\include\stdio.h(363) : see declaration of '_snprintf'
     1>d:\gi_one\1st sem\speech_pro\234101002_digit\234101002_digit\preprocess.h(552): warning C4996: 'fopen': This function or variable may be unsafe. Consider using fopen_s instead. To disable deprecation, use _CRT_SECURE_NO_WARNINGS. See online help for details.
                 e:\vs ins here\vc\include\stdio.h(234) : see declaration of 'fopen'
     1>d:\gi_one\1st sem\speech_pro\234101002_digit\234101002_digit\preprocess.h(557): warning C4996: 'fscanf': This function or variable may be unsafe. Consider using fscanf_s instead. To disable deprecation, use _CRT_SECURE_NO_WARNINGS. See online help for details.
                 e:\vs ins here\vc\include\stdio.h(253) : see declaration of 'fscanf'
     1>d:\gi_one\1st sem\speech_pro\234101002_digit\234101002_digit\preprocess.h(563): warning C4996: 'fopen': This function or variable may be unsafe. Consider using fopen_s instead. To disable deprecation, use _CRT_SECURE_NO_WARNINGS. See online help for details.
                 e:\vs ins here\vc\include\stdio.h(234) : see declaration of 'fopen'
     1>d:\gi_one\1st sem\speech_pro\234101002_digit\234101002_digit\preprocess.h(566): warning C4996: 'fscanf': This function or variable may be unsafe. Consider using fscanf_s instead. To disable deprecation, use _CRT_SECURE_NO_WARNINGS. See online help for details.
                 e:\vs ins here\vc\include\stdio.h(253) : see declaration of 'fscanf'
     1>d:\gi_one\1st sem\speech_pro\234101002_digit\234101002_digit\preprocess.h(570): warning C4996: 'fopen': This function or variable may be unsafe. Consider using fopen_s instead. To disable deprecation, use _CRT_SECURE_NO_WARNINGS. See online help for details.
                 e:\vs ins here\vc\include\stdio.h(234) : see declaration of 'fopen'
     1>d:\gi_one\1st sem\speech_pro\234101002_digit\234101002_digit\preprocess.h(573): warning C4996: 'fscanf': This function or variable may be unsafe. Consider using fscanf_s instead. To disable deprecation, use _CRT_SECURE_NO_WARNINGS. See online help for details.
                 e:\vs ins here\vc\include\stdio.h(253) : see declaration of 'fscanf'
     1>d:\gi_one\1st sem\speech_pro\234101002_digit\234101002_digit\preprocess.h(595): warning C4996: '_snprintf': This function or variable may be unsafe. Consider using _snprintf_s instead. To disable deprecation, use _CRT_SECURE_NO_WARNINGS. See online help for details.
                 e:\vs ins here\vc\include\stdio.h(363) : see declaration of '_snprintf'
     1>d:\gi_one\1st sem\speech_pro\234101002_digit\234101002_digit\preprocess.h(596): warning C4996: 'fopen': This function or variable may be unsafe. Consider using fopen_s instead. To disable deprecation, use _CRT_SECURE_NO_WARNINGS. See online help for details.
                 e:\vs ins here\vc\include\stdio.h(234) : see declaration of 'fopen'
     1>d:\gi_one\1st sem\speech_pro\234101002_digit\234101002_digit\preprocess.h(609): warning C4996: '_snprintf': This function or variable may be unsafe. Consider using _snprintf_s instead. To disable deprecation, use _CRT_SECURE_NO_WARNINGS. See online help for details.
                 e:\vs ins here\vc\include\stdio.h(363) : see declaration of '_snprintf'
     1>d:\gi_one\1st sem\speech_pro\234101002_digit\234101002_digit\preprocess.h(610): warning C4996: 'fopen': This function or variable may be unsafe. Consider using fopen_s instead. To disable deprecation, use _CRT_SECURE_NO_WARNINGS. See online help for details.
                 e:\vs ins here\vc\include\stdio.h(234) : see declaration of 'fopen'
     1>d:\gi_one\1st sem\speech_pro\234101002_digit\234101002_digit\preprocess.h(630): warning C4996: '_snprintf': This function or variable may be unsafe. Consider using _snprintf_s instead. To disable deprecation, use _CRT_SECURE_NO_WARNINGS. See online help for details.
                 e:\vs ins here\vc\include\stdio.h(363) : see declaration of '_snprintf'
     1>d:\gi_one\1st sem\speech_pro\234101002_digit\234101002_digit\preprocess.h(631): warning C4996: 'fopen': This function or variable may be unsafe. Consider using fopen_s instead. To disable deprecation, use _CRT_SECURE_NO_WARNINGS. See online help for details.
                 e:\vs ins here\vc\include\stdio.h(234) : see declaration of 'fopen'
     1>d:\gi_one\1st sem\speech_pro\234101002_digit\234101002_digit\preprocess.h(636): warning C4996: 'fscanf': This function or variable may be unsafe. Consider using fscanf_s instead. To disable deprecation, use _CRT_SECURE_NO_WARNINGS. See online help for details.
                 e:\vs ins here\vc\include\stdio.h(253) : see declaration of 'fscanf'
     1>d:\gi_one\1st sem\speech_pro\234101002_digit\234101002_digit\preprocess.h(644): warning C4996: '_snprintf': This function or variable may be unsafe. Consider using _snprintf_s instead. To disable deprecation, use _CRT_SECURE_NO_WARNINGS. See online help for details.
                 e:\vs ins here\vc\include\stdio.h(363) : see declaration of '_snprintf'
     1>d:\gi_one\1st sem\speech_pro\234101002_digit\234101002_digit\preprocess.h(645): warning C4996: 'fopen': This function or variable may be unsafe. Consider using fopen_s instead. To disable deprecation, use _CRT_SECURE_NO_WARNINGS. See online help for details.
                 e:\vs ins here\vc\include\stdio.h(234) : see declaration of 'fopen'
     1>d:\gi_one\1st sem\speech_pro\234101002_digit\234101002_digit\preprocess.h(650): warning C4996: 'fscanf': This function or variable may be unsafe. Consider using fscanf_s instead. To disable deprecation, use _CRT_SECURE_NO_WARNINGS. See online help for details.
                 e:\vs ins here\vc\include\stdio.h(253) : see declaration of 'fscanf'
     1>d:\gi_one\1st sem\speech_pro\234101002_digit\234101002_digit\preprocess.h(661): warning C4996: '_snprintf': This function or variable may be unsafe. Consider using _snprintf_s instead. To disable deprecation, use _CRT_SECURE_NO_WARNINGS. See online help for details.
                 e:\vs ins here\vc\include\stdio.h(363) : see declaration of '_snprintf'
     1>d:\gi_one\1st sem\speech_pro\234101002_digit\234101002_digit\preprocess.h(662): warning C4996: 'fopen': This function or variable may be unsafe. Consider using fopen_s instead. To disable deprecation, use _CRT_SECURE_NO_WARNINGS. See online help for details.
                 e:\vs ins here\vc\include\stdio.h(234) : see declaration of 'fopen'
     1>d:\gi_one\1st sem\speech_pro\234101002_digit\234101002_digit\preprocess.h(677): warning C4996: '_snprintf': This function or variable may be unsafe. Consider using _snprintf_s instead. To disable deprecation, use _CRT_SECURE_NO_WARNINGS. See online help for details.
                 e:\vs ins here\vc\include\stdio.h(363) : see declaration of '_snprintf'
     1>d:\gi_one\1st sem\speech_pro\234101002_digit\234101002_digit\preprocess.h(678): warning C4996: 'fopen': This function or variable may be unsafe. Consider using fopen_s instead. To disable deprecation, use _CRT_SECURE_NO_WARNINGS. See online help for details.
                 e:\vs ins here\vc\include\stdio.h(234) : see declaration of 'fopen'
     1>d:\gi_one\1st sem\speech_pro\234101002_digit\234101002_digit\preprocess.h(697): warning C4996: '_snprintf': This function or variable may be unsafe. Consider using _snprintf_s instead. To disable deprecation, use _CRT_SECURE_NO_WARNINGS. See online help for details.
                 e:\vs ins here\vc\include\stdio.h(363) : see declaration of '_snprintf'
     1>d:\gi_one\1st sem\speech_pro\234101002_digit\234101002_digit\preprocess.h(698): warning C4996: 'fopen': This function or variable may be unsafe. Consider using fopen_s instead. To disable deprecation, use _CRT_SECURE_NO_WARNINGS. See online help for details.
                 e:\vs ins here\vc\include\stdio.h(234) : see declaration of 'fopen'
     1>d:\gi_one\1st sem\speech_pro\234101002_digit\234101002_digit\preprocess.h(711): warning C4996: '_snprintf': This function or variable may be unsafe. Consider using _snprintf_s instead. To disable deprecation, use _CRT_SECURE_NO_WARNINGS. See online help for details.
                 e:\vs ins here\vc\include\stdio.h(363) : see declaration of '_snprintf'
     1>d:\gi_one\1st sem\speech_pro\234101002_digit\234101002_digit\preprocess.h(712): warning C4996: 'fopen': This function or variable may be unsafe. Consider using fopen_s instead. To disable deprecation, use _CRT_SECURE_NO_WARNINGS. See online help for details.
                 e:\vs ins here\vc\include\stdio.h(234) : see declaration of 'fopen'
     1>d:\gi_one\1st sem\speech_pro\234101002_digit\234101002_digit\preprocess.h(730): warning C4996: '_snprintf': This function or variable may be unsafe. Consider using _snprintf_s instead. To disable deprecation, use _CRT_SECURE_NO_WARNINGS. See online help for details.
                 e:\vs ins here\vc\include\stdio.h(363) : see declaration of '_snprintf'
     1>d:\gi_one\1st sem\speech_pro\234101002_digit\234101002_digit\preprocess.h(731): warning C4996: 'fopen': This function or variable may be unsafe. Consider using fopen_s instead. To disable deprecation, use _CRT_SECURE_NO_WARNINGS. See online help for details.
                 e:\vs ins here\vc\include\stdio.h(234) : see declaration of 'fopen'
     1>d:\gi_one\1st sem\speech_pro\234101002_digit\234101002_digit\preprocess.h(738): warning C4996: 'fscanf': This function or variable may be unsafe. Consider using fscanf_s instead. To disable deprecation, use _CRT_SECURE_NO_WARNINGS. See online help for details.
                 e:\vs ins here\vc\include\stdio.h(253) : see declaration of 'fscanf'
     1>d:\gi_one\1st sem\speech_pro\234101002_digit\234101002_digit\preprocess.h(746): warning C4996: '_snprintf': This function or variable may be unsafe. Consider using _snprintf_s instead. To disable deprecation, use _CRT_SECURE_NO_WARNINGS. See online help for details.
                 e:\vs ins here\vc\include\stdio.h(363) : see declaration of '_snprintf'
     1>d:\gi_one\1st sem\speech_pro\234101002_digit\234101002_digit\preprocess.h(747): warning C4996: 'fopen': This function or variable may be unsafe. Consider using fopen_s instead. To disable deprecation, use _CRT_SECURE_NO_WARNINGS. See online help for details.
                 e:\vs ins here\vc\include\stdio.h(234) : see declaration of 'fopen'
     1>d:\gi_one\1st sem\speech_pro\234101002_digit\234101002_digit\preprocess.h(752): warning C4996: 'fscanf': This function or variable may be unsafe. Consider using fscanf_s instead. To disable deprecation, use _CRT_SECURE_NO_WARNINGS. See online help for details.
                 e:\vs ins here\vc\include\stdio.h(253) : see declaration of 'fscanf'
     1>d:\gi_one\1st sem\speech_pro\234101002_digit\234101002_digit\preprocess.h(758): warning C4996: 'fopen': This function or variable may be unsafe. Consider using fopen_s instead. To disable deprecation, use _CRT_SECURE_NO_WARNINGS. See online help for details.
                 e:\vs ins here\vc\include\stdio.h(234) : see declaration of 'fopen'
     1>d:\gi_one\1st sem\speech_pro\234101002_digit\234101002_digit\preprocess.h(761): warning C4996: 'fscanf': This function or variable may be unsafe. Consider using fscanf_s instead. To disable deprecation, use _CRT_SECURE_NO_WARNINGS. See online help for details.
                 e:\vs ins here\vc\include\stdio.h(253) : see declaration of 'fscanf'
     1>d:\gi_one\1st sem\speech_pro\234101002_digit\234101002_digit\preprocess.h(766): warning C4996: 'fopen': This function or variable may be unsafe. Consider using fopen_s instead. To disable deprecation, use _CRT_SECURE_NO_WARNINGS. See online help for details.
                 e:\vs ins here\vc\include\stdio.h(234) : see declaration of 'fopen'
     1>d:\gi_one\1st sem\speech_pro\234101002_digit\234101002_digit\preprocess.h(769): warning C4996: 'fscanf': This function or variable may be unsafe. Consider using fscanf_s instead. To disable deprecation, use _CRT_SECURE_NO_WARNINGS. See online help for details.
                 e:\vs ins here\vc\include\stdio.h(253) : see declaration of 'fscanf'
     1>d:\gi_one\1st sem\speech_pro\234101002_digit\234101002_digit\234101002_digit.cpp(51): warning C4996: '_snprintf': This function or variable may be unsafe. Consider using _snprintf_s instead. To disable deprecation, use _CRT_SECURE_NO_WARNINGS. See online help for details.
                 e:\vs ins here\vc\include\stdio.h(363) : see declaration of '_snprintf'
     1>d:\gi_one\1st sem\speech_pro\234101002_digit\234101002_digit\234101002_digit.cpp(72): warning C4996: '_snprintf': This function or variable may be unsafe. Consider using _snprintf_s instead. To disable deprecation, use _CRT_SECURE_NO_WARNINGS. See online help for details.
                 e:\vs ins here\vc\include\stdio.h(363) : see declaration of '_snprintf'
     1>d:\gi_one\1st sem\speech_pro\234101002_digit\234101002_digit\234101002_digit.cpp(90): warning C4996: 'strcat': This function or variable may be unsafe. Consider using strcat_s instead. To disable deprecation, use _CRT_SECURE_NO_WARNINGS. See online help for details.
                 e:\vs ins here\vc\include\string.h(110) : see declaration of 'strcat'
     1>d:\gi_one\1st sem\speech_pro\234101002_digit\234101002_digit\234101002_digit.cpp(91): warning C4996: 'fopen': This function or variable may be unsafe. Consider using fopen_s instead. To disable deprecation, use _CRT_SECURE_NO_WARNINGS. See online help for details.
                 e:\vs ins here\vc\include\stdio.h(234) : see declaration of 'fopen'
     1>d:\gi_one\1st sem\speech_pro\234101002_digit\234101002_digit\234101002_digit.cpp(95): warning C4996: 'fscanf': This function or variable may be unsafe. Consider using fscanf_s instead. To disable deprecation, use _CRT_SECURE_NO_WARNINGS. See online help for details.
                 e:\vs ins here\vc\include\stdio.h(253) : see declaration of 'fscanf'
     1>d:\gi_one\1st sem\speech_pro\234101002_digit\234101002_digit\234101002_digit.cpp(101): warning C4996: 'strcat': This function or variable may be unsafe. Consider using strcat_s instead. To disable deprecation, use _CRT_SECURE_NO_WARNINGS. See online help for details.
                 e:\vs ins here\vc\include\string.h(110) : see declaration of 'strcat'
     1>d:\gi_one\1st sem\speech_pro\234101002_digit\234101002_digit\234101002_digit.cpp(102): warning C4996: 'fopen': This function or variable may be unsafe. Consider using fopen_s instead. To disable deprecation, use _CRT_SECURE_NO_WARNINGS. See online help for details.
                 e:\vs ins here\vc\include\stdio.h(234) : see declaration of 'fopen'
       ManifestResourceCompile:
         All outputs are up-to-date.
       Link:
         E:\vs ins here\VC\bin\link.exe /ERRORREPORT:PROMPT /OUT:"D:\gi_One\1st sem\speech_pro\234101002_Digit\Debug\234101002_Digit.exe" /INCREMENTAL /NOLOGO kernel32.lib user32.lib gdi32.lib winspool.lib comdlg32.lib advapi32.lib shell32.lib ole32.lib oleaut32.lib uuid.lib odbc32.lib odbccp32.lib /MANIFEST /ManifestFile:"Debug\234101002_Digit.exe.intermediate.manifest" /MANIFESTUAC:"level='asInvoker' uiAccess='false'" /DEBUG /PDB:"D:\gi_One\1st sem\speech_pro\234101002_Digit\Debug\234101002_Digit.pdb" /SUBSYSTEM:CONSOLE /TLBID:1 /DYNAMICBASE /NXCOMPAT /IMPLIB:"D:\gi_One\1st sem\speech_pro\234101002_Digit\Debug\234101002_Digit.lib" /MACHINE:X86 Debug\234101002_Digit.exe.embed.manifest.res
         Debug\234101002_Digit.obj
         Debug\stdafx.obj
       Manifest:
         C:\Program Files (x86)\Microsoft SDKs\Windows\v7.0A\bin\mt.exe /nologo /verbose /out:"Debug\234101002_Digit.exe.embed.manifest" /manifest Debug\234101002_Digit.exe.intermediate.manifest
         All outputs are up-to-date.
       LinkEmbedManifest:
         All outputs are up-to-date.
         234101002_Digit.vcxproj -> D:\gi_One\1st sem\speech_pro\234101002_Digit\Debug\234101002_Digit.exe
       FinalizeBuildStatus:
         Deleting file "Debug\234101002_Digit.unsuccessfulbuild".
         Touching "Debug\234101002_Digit.lastbuildstate".
     1>Done Building Project "D:\gi_One\1st sem\speech_pro\234101002_Digit\234101002_Digit\234101002_Digit.vcxproj" (build target(s)).

Build succeeded.

Time Elapsed 00:00:02.35
