D:\GI_ONE\1ST SEM\SPEECH_PRO\234101002_DIGIT\234101002_DIGIT\DEBUG\234101002_DIGIT.EXE.EMBED.MANIFEST
D:\GI_ONE\1ST SEM\SPEECH_PRO\234101002_DIGIT\234101002_DIGIT\DEBUG\234101002_DIGIT.EXE.EMBED.MANIFEST.RES
D:\GI_ONE\1ST SEM\SPEECH_PRO\234101002_DIGIT\234101002_DIGIT\DEBUG\234101002_DIGIT.EXE.INTERMEDIATE.MANIFEST
D:\GI_ONE\1ST SEM\SPEECH_PRO\234101002_DIGIT\234101002_DIGIT\DEBUG\234101002_DIGIT.OBJ
D:\GI_ONE\1ST SEM\SPEECH_PRO\234101002_DIGIT\234101002_DIGIT\DEBUG\234101002_DIGIT.PCH
D:\gi_One\1st sem\speech_pro\234101002_Digit\234101002_Digit\Debug\234101002_Digit.vcxprojResolveAssemblyReference.cache
D:\gi_One\1st sem\speech_pro\234101002_Digit\234101002_Digit\Debug\234101002_Digit.write.1.tlog
D:\gi_One\1st sem\speech_pro\234101002_Digit\234101002_Digit\Debug\234101002_Digit_manifest.rc
D:\gi_One\1st sem\speech_pro\234101002_Digit\234101002_Digit\Debug\cl.command.1.tlog
D:\gi_One\1st sem\speech_pro\234101002_Digit\234101002_Digit\Debug\CL.read.1.tlog
D:\gi_One\1st sem\speech_pro\234101002_Digit\234101002_Digit\Debug\CL.write.1.tlog
D:\gi_One\1st sem\speech_pro\234101002_Digit\234101002_Digit\Debug\link.12012.read.1.tlog
D:\gi_One\1st sem\speech_pro\234101002_Digit\234101002_Digit\Debug\link.12012.write.1.tlog
D:\gi_One\1st sem\speech_pro\234101002_Digit\234101002_Digit\Debug\link.12012-cvtres.read.1.tlog
D:\gi_One\1st sem\speech_pro\234101002_Digit\234101002_Digit\Debug\link.12012-cvtres.write.1.tlog
D:\gi_One\1st sem\speech_pro\234101002_Digit\234101002_Digit\Debug\link.15220.read.1.tlog
D:\gi_One\1st sem\speech_pro\234101002_Digit\234101002_Digit\Debug\link.15220.write.1.tlog
D:\gi_One\1st sem\speech_pro\234101002_Digit\234101002_Digit\Debug\link.15220-cvtres.read.1.tlog
D:\gi_One\1st sem\speech_pro\234101002_Digit\234101002_Digit\Debug\link.15220-cvtres.write.1.tlog
D:\gi_One\1st sem\speech_pro\234101002_Digit\234101002_Digit\Debug\link.4304.read.1.tlog
D:\gi_One\1st sem\speech_pro\234101002_Digit\234101002_Digit\Debug\link.4304.write.1.tlog
D:\gi_One\1st sem\speech_pro\234101002_Digit\234101002_Digit\Debug\link.4304-cvtres.read.1.tlog
D:\gi_One\1st sem\speech_pro\234101002_Digit\234101002_Digit\Debug\link.4304-cvtres.write.1.tlog
D:\gi_One\1st sem\speech_pro\234101002_Digit\234101002_Digit\Debug\link.command.1.tlog
D:\gi_One\1st sem\speech_pro\234101002_Digit\234101002_Digit\Debug\link.read.1.tlog
D:\gi_One\1st sem\speech_pro\234101002_Digit\234101002_Digit\Debug\link.write.1.tlog
D:\gi_One\1st sem\speech_pro\234101002_Digit\234101002_Digit\Debug\link-cvtres.read.1.tlog
D:\gi_One\1st sem\speech_pro\234101002_Digit\234101002_Digit\Debug\link-cvtres.write.1.tlog
D:\gi_One\1st sem\speech_pro\234101002_Digit\234101002_Digit\Debug\mt.command.1.tlog
D:\gi_One\1st sem\speech_pro\234101002_Digit\234101002_Digit\Debug\mt.read.1.tlog
D:\gi_One\1st sem\speech_pro\234101002_Digit\234101002_Digit\Debug\mt.write.1.tlog
D:\gi_One\1st sem\speech_pro\234101002_Digit\234101002_Digit\Debug\rc.command.1.tlog
D:\gi_One\1st sem\speech_pro\234101002_Digit\234101002_Digit\Debug\rc.read.1.tlog
D:\gi_One\1st sem\speech_pro\234101002_Digit\234101002_Digit\Debug\rc.write.1.tlog
D:\GI_ONE\1ST SEM\SPEECH_PRO\234101002_DIGIT\234101002_DIGIT\DEBUG\STDAFX.OBJ
D:\gi_One\1st sem\speech_pro\234101002_Digit\234101002_Digit\Debug\vc100.idb
D:\GI_ONE\1ST SEM\SPEECH_PRO\234101002_DIGIT\234101002_DIGIT\DEBUG\VC100.PDB
D:\GI_ONE\1ST SEM\SPEECH_PRO\234101002_DIGIT\DEBUG\234101002_DIGIT.EXE
D:\GI_ONE\1ST SEM\SPEECH_PRO\234101002_DIGIT\DEBUG\234101002_DIGIT.ILK
D:\GI_ONE\1ST SEM\SPEECH_PRO\234101002_DIGIT\DEBUG\234101002_DIGIT.PDB
